INFO 2023-11-12 00:38:21,452 autoreload 5288 13152 Watching for file changes with StatReloader
INFO 2023-11-12 00:41:38,445 autoreload 8768 3204 Watching for file changes with StatReloader
INFO 2023-11-12 00:41:40,031 basehttp 8768 11020 "GET / HTTP/1.1" 200 123
WARNING 2023-11-12 00:41:40,166 log 8768 11020 Not Found: /favicon.ico
WARNING 2023-11-12 00:41:40,167 basehttp 8768 11020 "GET /favicon.ico HTTP/1.1" 404 2532
WARNING 2023-11-12 00:47:11,315 log 8768 1980 Not Found: /favicon.ico
WARNING 2023-11-12 00:47:11,316 basehttp 8768 1980 "GET /favicon.ico HTTP/1.1" 404 2532
INFO 2023-11-12 01:02:48,485 autoreload 8768 3204 F:\projects_1\learningdjango\postapp\models.py changed, reloading.
INFO 2023-11-12 01:02:48,869 autoreload 12436 4616 Watching for file changes with StatReloader
INFO 2023-11-12 01:04:55,429 autoreload 12436 4616 F:\projects_1\learningdjango\postapp\models.py changed, reloading.
INFO 2023-11-12 01:04:55,842 autoreload 8424 2460 Watching for file changes with StatReloader
INFO 2023-11-12 01:14:07,270 autoreload 8424 2460 F:\projects_1\learningdjango\postapp\models.py changed, reloading.
INFO 2023-11-12 01:14:07,633 autoreload 3204 3836 Watching for file changes with StatReloader
INFO 2023-11-12 02:17:50,815 autoreload 10508 14216 Watching for file changes with StatReloader
INFO 2023-11-12 02:17:52,631 basehttp 10508 1232 "GET / HTTP/1.1" 200 123
INFO 2023-11-12 02:17:59,345 basehttp 10508 1232 "GET /admin/ HTTP/1.1" 302 0
INFO 2023-11-12 02:17:59,421 basehttp 10508 1232 "GET /admin/login/?next=/admin/ HTTP/1.1" 200 4267
INFO 2023-11-12 02:17:59,539 basehttp 10508 5668 "GET /static/admin/js/theme.js HTTP/1.1" 200 1943
INFO 2023-11-12 02:17:59,542 basehttp 10508 5668 "GET /static/admin/js/nav_sidebar.js HTTP/1.1" 200 3063
INFO 2023-11-12 02:17:59,549 basehttp 10508 11676 "GET /static/admin/css/login.css HTTP/1.1" 200 958
INFO 2023-11-12 02:17:59,549 basehttp 10508 3048 "GET /static/admin/css/nav_sidebar.css HTTP/1.1" 200 2694
INFO 2023-11-12 02:17:59,549 basehttp 10508 1232 "GET /static/admin/css/base.css HTTP/1.1" 200 21207
INFO 2023-11-12 02:17:59,549 basehttp 10508 14280 "GET /static/admin/css/dark_mode.css HTTP/1.1" 200 2929
INFO 2023-11-12 02:17:59,551 basehttp 10508 11272 "GET /static/admin/css/responsive.css HTTP/1.1" 200 18533
INFO 2023-11-12 02:18:02,202 basehttp 10508 14280 "POST /admin/login/?next=/admin/ HTTP/1.1" 302 0
INFO 2023-11-12 02:18:02,252 basehttp 10508 14280 "GET /admin/ HTTP/1.1" 200 6530
INFO 2023-11-12 02:18:02,267 basehttp 10508 14280 "GET /static/admin/css/dashboard.css HTTP/1.1" 200 441
INFO 2023-11-12 02:18:02,277 basehttp 10508 11272 "GET /static/admin/img/icon-changelink.svg HTTP/1.1" 200 380
INFO 2023-11-12 02:18:02,277 basehttp 10508 14280 "GET /static/admin/img/icon-addlink.svg HTTP/1.1" 200 331
INFO 2023-11-12 02:18:05,273 basehttp 10508 14280 "GET /admin/auth/user/ HTTP/1.1" 200 11830
INFO 2023-11-12 02:18:05,290 basehttp 10508 14280 "GET /static/admin/css/changelists.css HTTP/1.1" 200 6566
INFO 2023-11-12 02:18:05,298 basehttp 10508 3048 "GET /static/admin/js/jquery.init.js HTTP/1.1" 200 347
INFO 2023-11-12 02:18:05,299 basehttp 10508 5668 "GET /static/admin/img/icon-yes.svg HTTP/1.1" 200 436
INFO 2023-11-12 02:18:05,301 basehttp 10508 11676 "GET /static/admin/js/core.js HTTP/1.1" 200 5682
INFO 2023-11-12 02:18:05,301 basehttp 10508 1232 "GET /static/admin/img/search.svg HTTP/1.1" 200 458
INFO 2023-11-12 02:18:05,307 basehttp 10508 3048 "GET /static/admin/js/admin/RelatedObjectLookups.js HTTP/1.1" 200 8943
INFO 2023-11-12 02:18:05,308 basehttp 10508 5668 "GET /static/admin/js/actions.js HTTP/1.1" 200 7872
INFO 2023-11-12 02:18:05,308 basehttp 10508 11676 "GET /static/admin/js/prepopulate.js HTTP/1.1" 200 1531
INFO 2023-11-12 02:18:05,309 basehttp 10508 1232 "GET /static/admin/js/urlify.js HTTP/1.1" 200 7887
INFO 2023-11-12 02:18:05,311 basehttp 10508 11272 "GET /static/admin/js/vendor/jquery/jquery.js HTTP/1.1" 200 292458
INFO 2023-11-12 02:18:05,327 basehttp 10508 14280 "GET /admin/jsi18n/ HTTP/1.1" 200 16066
INFO 2023-11-12 02:18:05,333 basehttp 10508 14280 "GET /static/admin/js/filters.js HTTP/1.1" 200 978
INFO 2023-11-12 02:18:05,339 basehttp 10508 3048 "GET /static/admin/js/vendor/xregexp/xregexp.js HTTP/1.1" 200 232381
INFO 2023-11-12 02:18:05,354 basehttp 10508 3048 "GET /static/admin/img/tooltag-add.svg HTTP/1.1" 200 331
INFO 2023-11-12 02:18:05,354 basehttp 10508 14280 "GET /static/admin/img/sorting-icons.svg HTTP/1.1" 200 1097
INFO 2023-11-12 02:18:08,250 basehttp 10508 14280 "GET /admin/postapp/post/ HTTP/1.1" 200 10267
INFO 2023-11-12 02:18:08,269 basehttp 10508 14280 "GET /admin/jsi18n/ HTTP/1.1" 200 16066
INFO 2023-11-12 02:18:10,820 basehttp 10508 14280 "GET /admin/postapp/post/add/ HTTP/1.1" 200 16349
INFO 2023-11-12 02:18:10,838 basehttp 10508 14280 "GET /static/admin/css/forms.css HTTP/1.1" 200 9047
INFO 2023-11-12 02:18:10,845 basehttp 10508 11676 "GET /static/admin/js/prepopulate_init.js HTTP/1.1" 200 586
INFO 2023-11-12 02:18:10,845 basehttp 10508 14280 "GET /static/admin/js/calendar.js HTTP/1.1" 200 8466
INFO 2023-11-12 02:18:10,846 basehttp 10508 1232 "GET /static/admin/js/inlines.js HTTP/1.1" 200 15526
INFO 2023-11-12 02:18:10,848 basehttp 10508 11272 "GET /static/admin/js/admin/DateTimeShortcuts.js HTTP/1.1" 200 19319
INFO 2023-11-12 02:18:10,851 basehttp 10508 3048 "GET /admin/jsi18n/ HTTP/1.1" 200 16066
INFO 2023-11-12 02:18:10,851 basehttp 10508 11676 "GET /static/admin/css/widgets.css HTTP/1.1" 200 11900
INFO 2023-11-12 02:18:10,856 basehttp 10508 3048 "GET /static/admin/js/change_form.js HTTP/1.1" 200 606
INFO 2023-11-12 02:18:10,893 basehttp 10508 11676 "GET /static/admin/img/icon-clock.svg HTTP/1.1" 200 677
INFO 2023-11-12 02:18:10,893 basehttp 10508 3048 "GET /static/admin/img/icon-calendar.svg HTTP/1.1" 200 1086
INFO 2023-11-12 02:18:29,062 basehttp 10508 3048 "GET /static/admin/img/inline-delete.svg HTTP/1.1" 200 560
INFO 2023-11-12 02:28:46,192 autoreload 10508 14216 F:\projects_1\learningdjango\postapp\models.py changed, reloading.
INFO 2023-11-12 02:28:46,664 autoreload 11696 10316 Watching for file changes with StatReloader
INFO 2023-11-12 02:30:35,328 autoreload 11696 10316 F:\projects_1\learningdjango\postapp\models.py changed, reloading.
INFO 2023-11-12 02:30:35,708 autoreload 15908 15788 Watching for file changes with StatReloader
INFO 2023-11-12 02:31:18,431 autoreload 15192 14360 Watching for file changes with StatReloader
INFO 2023-11-12 02:31:20,583 basehttp 15192 1812 "GET /admin/postapp/post/add/ HTTP/1.1" 200 18387
INFO 2023-11-12 02:31:20,602 basehttp 15192 1812 "GET /admin/jsi18n/ HTTP/1.1" 200 16066
INFO 2023-11-12 02:45:58,239 autoreload 3600 12120 Watching for file changes with StatReloader
INFO 2023-11-12 02:45:59,090 basehttp 3600 11964 "GET /admin/postapp/post/add/ HTTP/1.1" 200 18387
INFO 2023-11-12 02:45:59,129 basehttp 3600 11964 "GET /admin/jsi18n/ HTTP/1.1" 200 16066
INFO 2023-11-12 02:46:01,278 basehttp 3600 11964 "GET /admin/postapp/post/add/ HTTP/1.1" 200 18387
INFO 2023-11-12 02:46:01,301 basehttp 3600 11964 "GET /admin/jsi18n/ HTTP/1.1" 200 16066
INFO 2023-11-12 02:46:02,553 basehttp 3600 11964 "GET /admin/auth/user/?_to_field=id&_popup=1 HTTP/1.1" 200 7492
INFO 2023-11-12 02:46:31,192 basehttp 3600 11964 "POST /admin/postapp/post/add/ HTTP/1.1" 302 0
INFO 2023-11-12 02:46:31,215 basehttp 3600 11964 "GET /admin/postapp/post/ HTTP/1.1" 200 12957
INFO 2023-11-12 02:46:31,240 basehttp 3600 11964 "GET /admin/jsi18n/ HTTP/1.1" 200 16066
INFO 2023-11-12 03:16:23,879 autoreload 3600 12120 F:\projects_1\learningdjango\postapp\admin.py changed, reloading.
INFO 2023-11-12 03:16:24,622 autoreload 11316 12828 Watching for file changes with StatReloader
INFO 2023-11-12 03:17:49,026 autoreload 11316 12828 F:\projects_1\learningdjango\postapp\models.py changed, reloading.
INFO 2023-11-12 03:17:49,515 autoreload 10064 2216 Watching for file changes with StatReloader
INFO 2023-11-12 03:30:00,512 autoreload 10064 2216 F:\projects_1\learningdjango\postapp\views.py changed, reloading.
INFO 2023-11-12 03:30:00,962 autoreload 16164 7024 Watching for file changes with StatReloader
INFO 2023-11-12 03:58:36,960 autoreload 14300 9816 Watching for file changes with StatReloader
INFO 2023-11-12 03:58:40,620 basehttp 14300 14032 "GET / HTTP/1.1" 200 28653
INFO 2023-11-12 03:58:40,691 basehttp 14300 14032 "GET /static/assets/web/assets/mobirise-icons2/mobirise2.css HTTP/1.1" 200 8709
INFO 2023-11-12 03:58:40,694 basehttp 14300 14120 "GET /static/assets/bootstrap/css/bootstrap-grid.min.css HTTP/1.1" 200 51457
INFO 2023-11-12 03:58:40,696 basehttp 14300 3724 "GET /static/assets/bootstrap/css/bootstrap.min.css HTTP/1.1" 200 155590
INFO 2023-11-12 03:58:40,697 basehttp 14300 14032 "GET /static/assets/bootstrap/css/bootstrap-reboot.min.css HTTP/1.1" 200 4623
INFO 2023-11-12 03:58:40,700 basehttp 14300 3724 "GET /static/assets/dropdown/css/style.css HTTP/1.1" 200 7945
INFO 2023-11-12 03:58:40,700 basehttp 14300 14032 "GET /static/assets/animatecss/animate.css HTTP/1.1" 200 99437
INFO 2023-11-12 03:58:40,704 basehttp 14300 3724 "GET /static/assets/socicon/css/styles.css HTTP/1.1" 200 16463
INFO 2023-11-12 03:58:40,706 basehttp 14300 3724 "GET /static/assets/theme/css/style.css HTTP/1.1" 200 14855
INFO 2023-11-12 03:58:40,712 basehttp 14300 3724 "GET /static/assets/mobirise/css/mbr-additional.css HTTP/1.1" 200 36412
INFO 2023-11-12 03:58:40,723 basehttp 14300 14032 "GET /static/assets/bootstrap/js/bootstrap.bundle.min.js HTTP/1.1" 200 78704
WARNING 2023-11-12 03:58:40,731 log 14300 14120 Not Found: /assets/images/gallery02.jpg
WARNING 2023-11-12 03:58:40,732 log 14300 3724 Not Found: /assets/images/gallery01.jpg
WARNING 2023-11-12 03:58:40,733 basehttp 14300 14120 "GET /assets/images/gallery02.jpg HTTP/1.1" 404 2580
WARNING 2023-11-12 03:58:40,733 basehttp 14300 3724 "GET /assets/images/gallery01.jpg HTTP/1.1" 404 2580
INFO 2023-11-12 03:58:40,740 basehttp 14300 14032 "GET /static/assets/smoothscroll/smooth-scroll.js HTTP/1.1" 200 7548
WARNING 2023-11-12 03:58:40,746 log 14300 3724 Not Found: /assets/images/gallery03.jpg
WARNING 2023-11-12 03:58:40,747 log 14300 14120 Not Found: /assets/images/gallery04.jpg
WARNING 2023-11-12 03:58:40,748 basehttp 14300 3724 "GET /assets/images/gallery03.jpg HTTP/1.1" 404 2580
WARNING 2023-11-12 03:58:40,748 basehttp 14300 14120 "GET /assets/images/gallery04.jpg HTTP/1.1" 404 2580
INFO 2023-11-12 03:58:40,756 basehttp 14300 14032 "GET /static/assets/dropdown/js/navbar-dropdown.js HTTP/1.1" 200 3595
INFO 2023-11-12 03:58:40,759 basehttp 14300 3724 "GET /static/assets/ytplayer/index.js HTTP/1.1" 200 27644
WARNING 2023-11-12 03:58:40,761 log 14300 14120 Not Found: /assets/images/gallery10.jpg
WARNING 2023-11-12 03:58:40,762 basehttp 14300 14120 "GET /assets/images/gallery10.jpg HTTP/1.1" 404 2580
INFO 2023-11-12 03:58:40,762 basehttp 14300 3724 "GET /static/assets/embla/embla.min.js HTTP/1.1" 200 15444
INFO 2023-11-12 03:58:40,766 basehttp 14300 3724 "GET /static/assets/embla/script.js HTTP/1.1" 200 8038
INFO 2023-11-12 03:58:40,768 basehttp 14300 14120 "GET /static/assets/theme/js/script.js HTTP/1.1" 200 37157
INFO 2023-11-12 03:58:40,819 basehttp 14300 14120 "GET /static/assets/web/assets/mobirise-icons2/mobirise2.ttf?f2bix4 HTTP/1.1" 200 25280
INFO 2023-11-12 03:58:40,828 basehttp 14300 14120 "GET /static/assets/socicon/fonts/socicon.woff2 HTTP/1.1" 200 64512
WARNING 2023-11-12 03:58:40,837 log 14300 14120 Not Found: /assets/images/gallery05.jpg
WARNING 2023-11-12 03:58:40,837 basehttp 14300 14120 "GET /assets/images/gallery05.jpg HTTP/1.1" 404 2580
WARNING 2023-11-12 03:58:40,846 log 14300 14120 Not Found: /assets/images/gallery06.jpg
WARNING 2023-11-12 03:58:40,846 basehttp 14300 14120 "GET /assets/images/gallery06.jpg HTTP/1.1" 404 2580
WARNING 2023-11-12 03:58:40,854 log 14300 14120 Not Found: /assets/images/gallery07.jpg
WARNING 2023-11-12 03:58:40,855 basehttp 14300 14120 "GET /assets/images/gallery07.jpg HTTP/1.1" 404 2580
WARNING 2023-11-12 03:58:40,865 log 14300 14120 Not Found: /assets/images/team1.jpg
WARNING 2023-11-12 03:58:40,865 basehttp 14300 14120 "GET /assets/images/team1.jpg HTTP/1.1" 404 2568
WARNING 2023-11-12 03:58:40,876 log 14300 14120 Not Found: /assets/images/team2.jpg
WARNING 2023-11-12 03:58:40,876 basehttp 14300 14120 "GET /assets/images/team2.jpg HTTP/1.1" 404 2568
WARNING 2023-11-12 03:58:40,885 log 14300 14120 Not Found: /assets/images/team3.jpg
WARNING 2023-11-12 03:58:40,886 basehttp 14300 14120 "GET /assets/images/team3.jpg HTTP/1.1" 404 2568
WARNING 2023-11-12 03:58:40,901 log 14300 3724 Not Found: /assets/images/8.jpg
WARNING 2023-11-12 03:58:40,902 log 14300 14120 Not Found: /assets/images/team4.jpg
WARNING 2023-11-12 03:58:40,903 basehttp 14300 3724 "GET /assets/images/8.jpg HTTP/1.1" 404 2556
WARNING 2023-11-12 03:58:40,903 basehttp 14300 14120 "GET /assets/images/team4.jpg HTTP/1.1" 404 2568
INFO 2023-11-12 03:58:40,946 basehttp 14300 14120 "GET /static/assets/images/logo.png HTTP/1.1" 200 3297
INFO 2023-11-12 04:00:29,849 autoreload 14300 9816 F:\projects_1\learningdjango\postapp\models.py changed, reloading.
INFO 2023-11-12 04:00:30,252 autoreload 16256 2748 Watching for file changes with StatReloader
